<?xml version="1.0" encoding="UTF-8"?>
<testsuite name="com.adopcion.discoveryservice.DiscoveryServiceApplicationTests" tests="1" skipped="0" failures="0" errors="0" timestamp="2022-12-23T22:12:10" hostname="DESKTOP-J4MV30M" time="0.511">
  <properties/>
  <testcase name="contextLoads()" classname="com.adopcion.discoveryservice.DiscoveryServiceApplicationTests" time="0.511"/>
  <system-out><![CDATA[17:12:04.315 [Test worker] DEBUG org.springframework.test.context.BootstrapUtils - Instantiating CacheAwareContextLoaderDelegate from class [org.springframework.test.context.cache.DefaultCacheAwareContextLoaderDelegate]
17:12:04.332 [Test worker] DEBUG org.springframework.test.context.BootstrapUtils - Instantiating BootstrapContext using constructor [public org.springframework.test.context.support.DefaultBootstrapContext(java.lang.Class,org.springframework.test.context.CacheAwareContextLoaderDelegate)]
17:12:04.385 [Test worker] DEBUG org.springframework.test.context.BootstrapUtils - Instantiating TestContextBootstrapper for test class [com.adopcion.discoveryservice.DiscoveryServiceApplicationTests] from class [org.springframework.boot.test.context.SpringBootTestContextBootstrapper]
17:12:04.403 [Test worker] INFO org.springframework.boot.test.context.SpringBootTestContextBootstrapper - Neither @ContextConfiguration nor @ContextHierarchy found for test class [com.adopcion.discoveryservice.DiscoveryServiceApplicationTests], using SpringBootContextLoader
17:12:04.409 [Test worker] DEBUG org.springframework.test.context.support.AbstractContextLoader - Did not detect default resource location for test class [com.adopcion.discoveryservice.DiscoveryServiceApplicationTests]: class path resource [com/adopcion/discoveryservice/DiscoveryServiceApplicationTests-context.xml] does not exist
17:12:04.410 [Test worker] DEBUG org.springframework.test.context.support.AbstractContextLoader - Did not detect default resource location for test class [com.adopcion.discoveryservice.DiscoveryServiceApplicationTests]: class path resource [com/adopcion/discoveryservice/DiscoveryServiceApplicationTestsContext.groovy] does not exist
17:12:04.410 [Test worker] INFO org.springframework.test.context.support.AbstractContextLoader - Could not detect default resource locations for test class [com.adopcion.discoveryservice.DiscoveryServiceApplicationTests]: no resource found for suffixes {-context.xml, Context.groovy}.
17:12:04.412 [Test worker] INFO org.springframework.test.context.support.AnnotationConfigContextLoaderUtils - Could not detect default configuration classes for test class [com.adopcion.discoveryservice.DiscoveryServiceApplicationTests]: DiscoveryServiceApplicationTests does not declare any static, non-private, non-final, nested classes annotated with @Configuration.
17:12:04.480 [Test worker] DEBUG org.springframework.test.context.support.ActiveProfilesUtils - Could not find an 'annotation declaring class' for annotation type [org.springframework.test.context.ActiveProfiles] and class [com.adopcion.discoveryservice.DiscoveryServiceApplicationTests]
17:12:04.574 [Test worker] DEBUG org.springframework.context.annotation.ClassPathScanningCandidateComponentProvider - Identified candidate component class: file [C:\Users\Andree\Documents\arquitectura new\adopcion-discovery-service\build\classes\java\main\com\adopcion\discoveryservice\DiscoveryServiceApplication.class]
17:12:04.577 [Test worker] INFO org.springframework.boot.test.context.SpringBootTestContextBootstrapper - Found @SpringBootConfiguration com.adopcion.discoveryservice.DiscoveryServiceApplication for test class com.adopcion.discoveryservice.DiscoveryServiceApplicationTests
17:12:04.777 [Test worker] DEBUG org.springframework.boot.test.context.SpringBootTestContextBootstrapper - @TestExecutionListeners is not present for class [com.adopcion.discoveryservice.DiscoveryServiceApplicationTests]: using defaults.
17:12:04.779 [Test worker] INFO org.springframework.boot.test.context.SpringBootTestContextBootstrapper - Loaded default TestExecutionListener class names from location [META-INF/spring.factories]: [org.springframework.boot.test.autoconfigure.restdocs.RestDocsTestExecutionListener, org.springframework.boot.test.autoconfigure.web.client.MockRestServiceServerResetTestExecutionListener, org.springframework.boot.test.autoconfigure.web.servlet.MockMvcPrintOnlyOnFailureTestExecutionListener, org.springframework.boot.test.autoconfigure.web.servlet.WebDriverTestExecutionListener, org.springframework.boot.test.autoconfigure.webservices.client.MockWebServiceServerTestExecutionListener, org.springframework.boot.test.mock.mockito.MockitoTestExecutionListener, org.springframework.boot.test.mock.mockito.ResetMocksTestExecutionListener, org.springframework.test.context.web.ServletTestExecutionListener, org.springframework.test.context.support.DirtiesContextBeforeModesTestExecutionListener, org.springframework.test.context.event.ApplicationEventsTestExecutionListener, org.springframework.test.context.support.DependencyInjectionTestExecutionListener, org.springframework.test.context.support.DirtiesContextTestExecutionListener, org.springframework.test.context.transaction.TransactionalTestExecutionListener, org.springframework.test.context.jdbc.SqlScriptsTestExecutionListener, org.springframework.test.context.event.EventPublishingTestExecutionListener]
17:12:04.797 [Test worker] DEBUG org.springframework.boot.test.context.SpringBootTestContextBootstrapper - Skipping candidate TestExecutionListener [org.springframework.test.context.transaction.TransactionalTestExecutionListener] due to a missing dependency. Specify custom listener classes or make the default listener classes and their required dependencies available. Offending class: [org/springframework/transaction/interceptor/TransactionAttributeSource]
17:12:04.798 [Test worker] DEBUG org.springframework.boot.test.context.SpringBootTestContextBootstrapper - Skipping candidate TestExecutionListener [org.springframework.test.context.jdbc.SqlScriptsTestExecutionListener] due to a missing dependency. Specify custom listener classes or make the default listener classes and their required dependencies available. Offending class: [org/springframework/transaction/interceptor/TransactionAttribute]
17:12:04.799 [Test worker] INFO org.springframework.boot.test.context.SpringBootTestContextBootstrapper - Using TestExecutionListeners: [org.springframework.test.context.web.ServletTestExecutionListener@5118388b, org.springframework.test.context.support.DirtiesContextBeforeModesTestExecutionListener@15a902e7, org.springframework.test.context.event.ApplicationEventsTestExecutionListener@7876d598, org.springframework.boot.test.mock.mockito.MockitoTestExecutionListener@4a3e3e8b, org.springframework.boot.test.autoconfigure.SpringBootDependencyInjectionTestExecutionListener@5af28b27, org.springframework.test.context.support.DirtiesContextTestExecutionListener@71104a4, org.springframework.test.context.event.EventPublishingTestExecutionListener@4985cbcb, org.springframework.boot.test.autoconfigure.restdocs.RestDocsTestExecutionListener@72f46e16, org.springframework.boot.test.autoconfigure.web.client.MockRestServiceServerResetTestExecutionListener@3c9168dc, org.springframework.boot.test.autoconfigure.web.servlet.MockMvcPrintOnlyOnFailureTestExecutionListener@332a7fce, org.springframework.boot.test.autoconfigure.web.servlet.WebDriverTestExecutionListener@549621f3, org.springframework.boot.test.autoconfigure.webservices.client.MockWebServiceServerTestExecutionListener@54361a9, org.springframework.boot.test.mock.mockito.ResetMocksTestExecutionListener@32232e55]
17:12:04.804 [Test worker] DEBUG org.springframework.test.context.support.AbstractDirtiesContextTestExecutionListener - Before test class: context [DefaultTestContext@c65a5ef testClass = DiscoveryServiceApplicationTests, testInstance = [null], testMethod = [null], testException = [null], mergedContextConfiguration = [WebMergedContextConfiguration@6b5176f2 testClass = DiscoveryServiceApplicationTests, locations = '{}', classes = '{class com.adopcion.discoveryservice.DiscoveryServiceApplication}', contextInitializerClasses = '[]', activeProfiles = '{}', propertySourceLocations = '{}', propertySourceProperties = '{org.springframework.boot.test.context.SpringBootTestContextBootstrapper=true}', contextCustomizers = set[org.springframework.boot.test.autoconfigure.actuate.metrics.MetricsExportContextCustomizerFactory$DisableMetricExportContextCustomizer@5d12a356, org.springframework.boot.test.autoconfigure.properties.PropertyMappingContextCustomizer@0, org.springframework.boot.test.autoconfigure.web.servlet.WebDriverContextCustomizerFactory$Customizer@8dbfffb, org.springframework.boot.test.context.filter.ExcludeFilterContextCustomizer@59b38691, org.springframework.boot.test.json.DuplicateJsonObjectContextCustomizerFactory$DuplicateJsonObjectContextCustomizer@7502291e, org.springframework.boot.test.mock.mockito.MockitoContextCustomizer@0, org.springframework.boot.test.web.client.TestRestTemplateContextCustomizer@5f0e9815, org.springframework.boot.test.context.SpringBootTestArgs@1, org.springframework.boot.test.context.SpringBootTestWebEnvironment@2f217633], resourceBasePath = 'src/main/webapp', contextLoader = 'org.springframework.boot.test.context.SpringBootContextLoader', parent = [null]], attributes = map['org.springframework.test.context.web.ServletTestExecutionListener.activateListener' -> true]], class annotated with @DirtiesContext [false] with mode [null].

  .   ____          _            __ _ _
 /\\ / ___'_ __ _ _(_)_ __  __ _ \ \ \ \
( ( )\___ | '_ | '_| | '_ \/ _` | \ \ \ \
 \\/  ___)| |_)| | | | | || (_| |  ) ) ) )
  '  |____| .__|_| |_|_| |_\__, | / / / /
 =========|_|==============|___/=/_/_/_/
 :: Spring Boot ::       (v2.7.7-SNAPSHOT)

2022-12-23 17:12:05.485  INFO 22936 --- [    Test worker] c.a.d.DiscoveryServiceApplicationTests   : Starting DiscoveryServiceApplicationTests using Java 17.0.5 on DESKTOP-J4MV30M with PID 22936 (started by Andree in C:\Users\Andree\Documents\arquitectura new\adopcion-discovery-service)
2022-12-23 17:12:05.487  INFO 22936 --- [    Test worker] c.a.d.DiscoveryServiceApplicationTests   : No active profile set, falling back to 1 default profile: "default"
2022-12-23 17:12:06.974  INFO 22936 --- [    Test worker] o.s.cloud.context.scope.GenericScope     : BeanFactory id=613f2459-2dcc-3fcd-bf8f-9845596056a9
2022-12-23 17:12:09.438  INFO 22936 --- [    Test worker] DiscoveryClientOptionalArgsConfiguration : Eureka HTTP Client uses Jersey
2022-12-23 17:12:09.636  WARN 22936 --- [    Test worker] iguration$LoadBalancerCaffeineWarnLogger : Spring Cloud LoadBalancer is currently working with the default cache. While this cache implementation is useful for development and tests, it's recommended to use Caffeine cache in production.You can switch to using Caffeine cache, by adding it and org.springframework.cache.caffeine.CaffeineCacheManager to the classpath.
2022-12-23 17:12:10.003  INFO 22936 --- [    Test worker] o.s.c.n.eureka.InstanceInfoFactory       : Setting initial instance status as: STARTING
2022-12-23 17:12:10.046  INFO 22936 --- [    Test worker] com.netflix.discovery.DiscoveryClient    : Initializing Eureka in region us-east-1
2022-12-23 17:12:10.047  INFO 22936 --- [    Test worker] com.netflix.discovery.DiscoveryClient    : Client configured to neither register nor query for data.
2022-12-23 17:12:10.057  INFO 22936 --- [    Test worker] com.netflix.discovery.DiscoveryClient    : Discovery Client initialized at timestamp 1671833530056 with initial instances count: 0
2022-12-23 17:12:10.121  INFO 22936 --- [    Test worker] c.n.eureka.DefaultEurekaServerContext    : Initializing ...
2022-12-23 17:12:10.126  INFO 22936 --- [    Test worker] c.n.eureka.cluster.PeerEurekaNodes       : Adding new peer nodes [http://localhost:8761/eureka/]
2022-12-23 17:12:10.376  INFO 22936 --- [    Test worker] c.n.d.provider.DiscoveryJerseyProvider   : Using JSON encoding codec LegacyJacksonJson
2022-12-23 17:12:10.376  INFO 22936 --- [    Test worker] c.n.d.provider.DiscoveryJerseyProvider   : Using JSON decoding codec LegacyJacksonJson
2022-12-23 17:12:10.376  INFO 22936 --- [    Test worker] c.n.d.provider.DiscoveryJerseyProvider   : Using XML encoding codec XStreamXml
2022-12-23 17:12:10.377  INFO 22936 --- [    Test worker] c.n.d.provider.DiscoveryJerseyProvider   : Using XML decoding codec XStreamXml
2022-12-23 17:12:10.657  INFO 22936 --- [    Test worker] c.n.eureka.cluster.PeerEurekaNodes       : Replica node URL:  http://localhost:8761/eureka/
2022-12-23 17:12:10.666  INFO 22936 --- [    Test worker] c.n.e.registry.AbstractInstanceRegistry  : Finished initializing remote region registries. All known remote regions: []
2022-12-23 17:12:10.668  INFO 22936 --- [    Test worker] c.n.eureka.DefaultEurekaServerContext    : Initialized
2022-12-23 17:12:10.833  INFO 22936 --- [    Test worker] o.s.b.a.e.web.EndpointLinksResolver      : Exposing 1 endpoint(s) beneath base path '/actuator'
2022-12-23 17:12:10.899  INFO 22936 --- [    Test worker] o.s.c.n.e.s.EurekaServiceRegistry        : Registering application UNKNOWN with eureka with status UP
2022-12-23 17:12:10.918  INFO 22936 --- [      Thread-12] o.s.c.n.e.server.EurekaServerBootstrap   : isAws returned false
2022-12-23 17:12:10.919  INFO 22936 --- [      Thread-12] o.s.c.n.e.server.EurekaServerBootstrap   : Initialized server context
2022-12-23 17:12:10.919  INFO 22936 --- [      Thread-12] c.n.e.r.PeerAwareInstanceRegistryImpl    : Got 1 instances from neighboring DS node
2022-12-23 17:12:10.919  INFO 22936 --- [      Thread-12] c.n.e.r.PeerAwareInstanceRegistryImpl    : Renew threshold is: 1
2022-12-23 17:12:10.919  INFO 22936 --- [      Thread-12] c.n.e.r.PeerAwareInstanceRegistryImpl    : Changing status to UP
2022-12-23 17:12:10.924  INFO 22936 --- [    Test worker] c.a.d.DiscoveryServiceApplicationTests   : Started DiscoveryServiceApplicationTests in 6.051 seconds (JVM running for 8.521)
2022-12-23 17:12:10.928  INFO 22936 --- [      Thread-12] e.s.EurekaServerInitializerConfiguration : Started Eureka Server
]]></system-out>
  <system-err><![CDATA[]]></system-err>
</testsuite>
